2025-03-19T12:48:57.103Z [INFO]: Server is starting...
2025-03-19T12:48:57.103Z [ERROR]: This is an error message.
2025-03-19T12:48:57.112Z [INFO]: Server is running on https://k98j70.meinserver.io:3001
2025-03-19T13:33:55.849Z [INFO]: Server is starting...
2025-03-19T13:33:55.850Z [ERROR]: This is an error message.
2025-03-19T13:33:55.859Z [INFO]: Server is running on https://k98j70.meinserver.io:3001
2025-03-19T13:38:30.631Z [DEBUG]: Logger is working!
2025-03-19T13:38:30.634Z [INFO]: Server is starting...
2025-03-19T13:38:30.634Z [ERROR]: This is an error message.
2025-03-19T13:38:30.641Z [INFO]: Server is running on https://k98j70.meinserver.io:3001
2025-03-19T14:00:00.908Z [INFO]: Starting sync process...
2025-03-19T14:00:00.914Z [ERROR]: Error during sync process:
2025-03-19T15:51:04.930Z [DEBUG]: Logger is working!
2025-03-19T15:51:04.933Z [INFO]: Server is starting...
2025-03-19T15:51:04.934Z [ERROR]: This is an error message.
2025-03-19T15:51:04.941Z [INFO]: Server is running on https://k98j70.meinserver.io:3001
2025-03-19T16:00:00.735Z [INFO]: Starting sync process...
2025-03-19T16:00:00.736Z [ERROR]: Error during sync process:
2025-03-19T17:20:20.036Z [DEBUG]: Logger is working!
2025-03-19T17:20:20.040Z [INFO]: Server is starting...
2025-03-19T17:20:20.040Z [ERROR]: This is an error message.
2025-03-19T17:20:20.049Z [INFO]: Server is running on https://localhost:3001
2025-03-19T17:21:38.625Z [DEBUG]: Logger is working!
2025-03-19T17:21:38.629Z [INFO]: Server is starting...
2025-03-19T17:21:38.630Z [ERROR]: This is an error message.
2025-03-19T17:21:38.637Z [INFO]: Server is running on https://localhost:3001
2025-03-19T17:21:54.751Z [INFO]: Manual sync process triggered...
2025-03-19T17:21:54.752Z [ERROR]: Error during manual sync process:
2025-03-19T17:23:53.333Z [DEBUG]: Logger is working!
2025-03-19T17:23:53.336Z [INFO]: Server is starting...
2025-03-19T17:23:53.344Z [INFO]: Server is running on https://localhost:3001
2025-03-19T17:24:00.131Z [INFO]: Manual sync process triggered...
2025-03-19T17:24:00.132Z [INFO]: Starting sync process...
2025-03-19T17:24:00.133Z [DEBUG]: Fetching products from SQL database...
2025-03-19T17:24:00.150Z [ERROR]: Error fetching products from SQL: connect ECONNREFUSED ::1:3306
2025-03-19T17:24:00.151Z [ERROR]: Error during sync process:
2025-03-19T17:29:40.996Z [DEBUG]: Logger is working!
2025-03-19T17:29:40.999Z [INFO]: Server is starting...
2025-03-19T17:29:41.007Z [INFO]: Server is running on https://localhost:3001
2025-03-19T17:29:45.338Z [INFO]: Manual sync process triggered...
2025-03-19T17:29:45.339Z [INFO]: Starting sync process...
2025-03-19T17:29:45.340Z [DEBUG]: Fetching products from SQL database...
2025-03-19T17:29:45.358Z [ERROR]: Error fetching products from SQL: connect ECONNREFUSED ::1:3306
2025-03-19T17:29:45.358Z [ERROR]: Error during sync process:
