2025-03-19T12:20:24.466Z [ERROR]: This is an error message.
2025-03-19T12:21:22.486Z [ERROR]: This is an error message.
2025-03-19T12:27:17.092Z [ERROR]: This is an error message.
2025-03-19T12:48:57.103Z [ERROR]: This is an error message.
2025-03-19T13:33:55.850Z [ERROR]: This is an error message.
2025-03-19T13:38:30.634Z [ERROR]: This is an error message.
2025-03-19T14:00:00.914Z [ERROR]: Error during sync process:
2025-03-19T15:51:04.934Z [ERROR]: This is an error message.
2025-03-19T16:00:00.736Z [ERROR]: Error during sync process:
2025-03-19T17:20:20.040Z [ERROR]: This is an error message.
2025-03-19T17:21:38.630Z [ERROR]: This is an error message.
2025-03-19T17:21:54.752Z [ERROR]: Error during manual sync process:
2025-03-19T17:24:00.150Z [ERROR]: Error fetching products from SQL: connect ECONNREFUSED ::1:3306
2025-03-19T17:24:00.151Z [ERROR]: Error during sync process:
2025-03-19T17:29:45.358Z [ERROR]: Error fetching products from SQL: connect ECONNREFUSED ::1:3306
2025-03-19T17:29:45.358Z [ERROR]: Error during sync process:
2025-03-20T10:31:52.269Z [ERROR]: Failed to connect to the database:
2025-03-20T10:31:52.270Z [ERROR]: Could not establish database connection
2025-03-20T10:34:52.309Z [ERROR]: Failed to connect to the database:
2025-03-20T10:34:52.310Z [ERROR]: Could not establish database connection
2025-03-20T10:37:34.662Z [ERROR]: Failed to connect to the database: connect ETIMEDOUT
2025-03-20T10:37:34.663Z [ERROR]: Could not establish database connection
